<?xml version="1.0" encoding="UTF-8"?>
<testng-results ignored="0" total="2" passed="2" failed="0" skipped="0">
  <reporter-output>
  </reporter-output>
  <suite started-at="2025-06-14T23:14:01 IST" name="Suite" finished-at="2025-06-14T23:14:53 IST" duration-ms="51339">
    <groups>
    </groups>
    <test started-at="2025-06-14T23:14:01 IST" name="Test" finished-at="2025-06-14T23:14:53 IST" duration-ms="51339">
      <class name="testCases.TC_0002_UserCreationReqEmptyField">
        <test-method is-config="true" signature="setup(java.lang.String,java.lang.String,org.testng.ITestContext)[pri:0, instance:testCases.TC_0002_UserCreationReqEmptyField@7203c7ff]" started-at="2025-06-14T23:14:30 IST" name="setup" finished-at="2025-06-14T23:14:33 IST" duration-ms="3424" status="PASS">
          <params>
            <param index="0">
              <value>
                <![CDATA[windows]]>
              </value>
            </param>
            <param index="1">
              <value>
                <![CDATA[chrome]]>
              </value>
            </param>
            <param index="2">
              <value>
                <![CDATA[org.testng.TestRunner@45d56062]]>
              </value>
            </param>
          </params>
          <reporter-output>
          </reporter-output>
        </test-method> <!-- setup -->
        <test-method signature="userCreationHappyFlow()[pri:0, instance:testCases.TC_0002_UserCreationReqEmptyField@7203c7ff]" started-at="2025-06-14T23:14:33 IST" name="userCreationHappyFlow" finished-at="2025-06-14T23:14:52 IST" duration-ms="19087" status="PASS">
          <reporter-output>
          </reporter-output>
        </test-method> <!-- userCreationHappyFlow -->
        <test-method is-config="true" signature="tearDown()[pri:0, instance:testCases.TC_0002_UserCreationReqEmptyField@7203c7ff]" started-at="2025-06-14T23:14:52 IST" name="tearDown" finished-at="2025-06-14T23:14:53 IST" duration-ms="447" status="PASS">
          <reporter-output>
          </reporter-output>
        </test-method> <!-- tearDown -->
      </class> <!-- testCases.TC_0002_UserCreationReqEmptyField -->
      <class name="testCases.TC_0001_UserCreationHappyFlow">
        <test-method is-config="true" signature="setup(java.lang.String,java.lang.String,org.testng.ITestContext)[pri:0, instance:testCases.TC_0001_UserCreationHappyFlow@222eb8aa]" started-at="2025-06-14T23:14:02 IST" name="setup" finished-at="2025-06-14T23:14:08 IST" duration-ms="6591" status="PASS">
          <params>
            <param index="0">
              <value>
                <![CDATA[windows]]>
              </value>
            </param>
            <param index="1">
              <value>
                <![CDATA[chrome]]>
              </value>
            </param>
            <param index="2">
              <value>
                <![CDATA[org.testng.TestRunner@45d56062]]>
              </value>
            </param>
          </params>
          <reporter-output>
          </reporter-output>
        </test-method> <!-- setup -->
        <test-method signature="userCreationHappyFlow()[pri:0, instance:testCases.TC_0001_UserCreationHappyFlow@222eb8aa]" started-at="2025-06-14T23:14:08 IST" name="userCreationHappyFlow" finished-at="2025-06-14T23:14:29 IST" duration-ms="20932" status="PASS">
          <reporter-output>
          </reporter-output>
        </test-method> <!-- userCreationHappyFlow -->
        <test-method is-config="true" signature="tearDown()[pri:0, instance:testCases.TC_0001_UserCreationHappyFlow@222eb8aa]" started-at="2025-06-14T23:14:29 IST" name="tearDown" finished-at="2025-06-14T23:14:30 IST" duration-ms="485" status="PASS">
          <reporter-output>
          </reporter-output>
        </test-method> <!-- tearDown -->
      </class> <!-- testCases.TC_0001_UserCreationHappyFlow -->
    </test> <!-- Test -->
  </suite> <!-- Suite -->
</testng-results>
