<?xml version="1.0" encoding="UTF-8"?>
<testng-results ignored="0" total="2" passed="2" failed="0" skipped="0">
  <reporter-output>
  </reporter-output>
  <suite started-at="2025-06-14T21:58:32 IST" name="Suite" finished-at="2025-06-14T21:59:10 IST" duration-ms="38067">
    <groups>
    </groups>
    <test started-at="2025-06-14T21:58:32 IST" name="Test" finished-at="2025-06-14T21:59:10 IST" duration-ms="38067">
      <class name="testCases.TC_0002_UserCreationReqEmptyField">
        <test-method is-config="true" signature="setup(java.lang.String,java.lang.String,org.testng.ITestContext)[pri:0, instance:testCases.TC_0002_UserCreationReqEmptyField@40f70521]" started-at="2025-06-14T21:58:51 IST" name="setup" finished-at="2025-06-14T21:58:54 IST" duration-ms="2846" status="PASS">
          <params>
            <param index="0">
              <value>
                <![CDATA[windows]]>
              </value>
            </param>
            <param index="1">
              <value>
                <![CDATA[chrome]]>
              </value>
            </param>
            <param index="2">
              <value>
                <![CDATA[org.testng.TestRunner@3820cfe]]>
              </value>
            </param>
          </params>
          <reporter-output>
          </reporter-output>
        </test-method> <!-- setup -->
        <test-method signature="userCreationHappyFlow()[pri:0, instance:testCases.TC_0002_UserCreationReqEmptyField@40f70521]" started-at="2025-06-14T21:58:54 IST" name="userCreationHappyFlow" finished-at="2025-06-14T21:59:10 IST" duration-ms="16014" status="PASS">
          <reporter-output>
          </reporter-output>
        </test-method> <!-- userCreationHappyFlow -->
        <test-method is-config="true" signature="tearDown()[pri:0, instance:testCases.TC_0002_UserCreationReqEmptyField@40f70521]" started-at="2025-06-14T21:59:10 IST" name="tearDown" finished-at="2025-06-14T21:59:10 IST" duration-ms="286" status="PASS">
          <reporter-output>
          </reporter-output>
        </test-method> <!-- tearDown -->
      </class> <!-- testCases.TC_0002_UserCreationReqEmptyField -->
      <class name="testCases.TC_0001_UserCreationHappyFlow">
        <test-method is-config="true" signature="setup(java.lang.String,java.lang.String,org.testng.ITestContext)[pri:0, instance:testCases.TC_0001_UserCreationHappyFlow@625abb97]" started-at="2025-06-14T21:58:32 IST" name="setup" finished-at="2025-06-14T21:58:35 IST" duration-ms="2633" status="PASS">
          <params>
            <param index="0">
              <value>
                <![CDATA[windows]]>
              </value>
            </param>
            <param index="1">
              <value>
                <![CDATA[chrome]]>
              </value>
            </param>
            <param index="2">
              <value>
                <![CDATA[org.testng.TestRunner@3820cfe]]>
              </value>
            </param>
          </params>
          <reporter-output>
          </reporter-output>
        </test-method> <!-- setup -->
        <test-method signature="userCreationHappyFlow()[pri:0, instance:testCases.TC_0001_UserCreationHappyFlow@625abb97]" started-at="2025-06-14T21:58:35 IST" name="userCreationHappyFlow" finished-at="2025-06-14T21:58:50 IST" duration-ms="15587" status="PASS">
          <reporter-output>
          </reporter-output>
        </test-method> <!-- userCreationHappyFlow -->
        <test-method is-config="true" signature="tearDown()[pri:0, instance:testCases.TC_0001_UserCreationHappyFlow@625abb97]" started-at="2025-06-14T21:58:51 IST" name="tearDown" finished-at="2025-06-14T21:58:51 IST" duration-ms="386" status="PASS">
          <reporter-output>
          </reporter-output>
        </test-method> <!-- tearDown -->
      </class> <!-- testCases.TC_0001_UserCreationHappyFlow -->
    </test> <!-- Test -->
  </suite> <!-- Suite -->
</testng-results>
